make all --print-data-base --no-builtin-variables --no-builtin-rules --question
# GNU Make 3.81
# Copyright (C) 2006  Free Software Foundation, Inc.
# This is free software; see the source for copying conditions.
# There is NO warranty; not even for MERCHANTABILITY or FITNESS FOR A
# PARTICULAR PURPOSE.

# This program built for i386-apple-darwin11.3.0
 
make: *** No rule to make target `all'.  Stop.


# Make data base, printed on Tue Jul 19 14:31:19 2022

# Variables

# automatic
<D = $(patsubst %/,%,$(dir $<))
# automatic
?F = $(notdir $?)
# environment
GATEWAY_VM_OPTIONS = /Users/chping/local/ja-netfilter-all/vmoptions/gateway.vmoptions
# automatic
?D = $(patsubst %/,%,$(dir $?))
# environment
CPPFLAGS = -I/usr/local/opt/openssl@3/include
# environment
WEBSTORM_VM_OPTIONS = /Users/chping/local/ja-netfilter-all/vmoptions/webstorm.vmoptions
# automatic
@D = $(patsubst %/,%,$(dir $@))
 
# automatic
@F = $(notdir $@)
# makefile
CURDIR := /Users/chping/rust-workspace/rust-tutorial
# makefile
SHELL = /bin/sh
# environment
APPCODE_VM_OPTIONS = /Users/chping/local/ja-netfilter-all/vmoptions/appcode.vmoptions
# environment
VSCODE_NLS_CONFIG = {"locale":"zh-cn","availableLanguages":{"*":"zh-cn"},"_languagePackId":"1d735750dbb1b9066c7513078396ba0f.zh-cn","_translationsConfigFile":"/Users/chping/Library/Application Support/Code/clp/1d735750dbb1b9066c7513078396ba0f.zh-cn/tcf.json","_cacheRoot":"/Users/chping/Library/Application Support/Code/clp/1d735750dbb1b9066c7513078396ba0f.zh-cn","_resolvedLanguagePackCoreLocation":"/Users/chping/Library/Application Support/Code/clp/1d735750dbb1b9066c7513078396ba0f.zh-cn/b06ae3b2d2dbfe28bca3134cc6be65935cdfea6a","_corruptedFile":"/Users/chping/Library/Application Support/Code/clp/1d735750dbb1b9066c7513078396ba0f.zh-cn/corrupted.info","_languagePackSupport":true}
# environment
_ = /usr/bin/make
# environment
HOMEBREW_CORE_GIT_REMOTE = https://mirrors.bfsu.edu.cn/git/homebrew/homebrew-core.git
# makefile (from `Makefile', line 1)
MAKEFILE_LIST :=  Makefile
# environment
__CFBundleIdentifier = com.microsoft.VSCode
# environment
WEBIDE_VM_OPTIONS = /Users/chping/local/ja-netfilter-all/vmoptions/webide.vmoptions
# environment
VSCODE_CWD = /
# environment
PATH = /Users/chping/go/pkg:/Users/chping/go/bin:/Users/chping/local/apache-maven-3.8.5/bin:/usr/local/opt/openssl@3/bin:/Users/chping/.nodejs/node_gobal/bin:/usr/local/opt/node@16/bin:/usr/local/bin:/usr/bin:/bin:/usr/sbin:/sbin:/Library/Apple/usr/bin:/Users/chping/local/bin:/Users/chping/.cargo/bin:/Library/Java/JavaVirtualMachines/temurin-8.jdk/Contents/Home//bin:/Users/chping/Library/Android/sdk/platform-tools:/Users/chping/Library/Android/sdk/tools:/Users/chping/Library/Android/sdk/build-tools/30.0.3:/Users/chping/local/flutter/bin:/Users/chping/.pub-cache/bin
# environment
PHPSTORM_VM_OPTIONS = /Users/chping/local/ja-netfilter-all/vmoptions/phpstorm.vmoptions
# environment
HOMEBREW_BREW_GIT_REMOTE = https://mirrors.bfsu.edu.cn/git/homebrew/brew.git
# environment
GOPATH = /Users/chping/go
# environment
GOLAND_VM_OPTIONS = /Users/chping/local/ja-netfilter-all/vmoptions/goland.vmoptions
# environment
ELECTRON_RUN_AS_NODE = 1
# environment
LDFLAGS = -L/usr/local/opt/openssl@3/lib
# environment
ANDROID_HOME = /Users/chping/Library/Android/sdk
# environment
JETBRAINSCLIENT_VM_OPTIONS = /Users/chping/local/ja-netfilter-all/vmoptions/jetbrainsclient.vmoptions
# default
.FEATURES := target-specific order-only second-expansion else-if archives jobserver check-symlink
# environment
IDEA_VM_OPTIONS = /Users/chping/local/ja-netfilter-all/vmoptions/idea.vmoptions
# environment
DATASPELL_VM_OPTIONS = /Users/chping/local/ja-netfilter-all/vmoptions/dataspell.vmoptions
# environment
SSH_AUTH_SOCK = /private/tmp/com.apple.launchd.cA8RSv48VX/Listeners
# automatic
%F = $(notdir $%)
# environment
PWD = /Users/chping/rust-workspace/rust-tutorial
# environment
JETBRAINS_CLIENT_VM_OPTIONS = /Users/chping/local/ja-netfilter-all/vmoptions/jetbrains_client.vmoptions
# environment
ORIGINAL_XDG_CURRENT_DESKTOP = undefined
# environment
VSCODE_AMD_ENTRYPOINT = vs/workbench/api/node/extensionHostProcess
# environment
HOME = /Users/chping
# environment
RIDER_VM_OPTIONS = /Users/chping/local/ja-netfilter-all/vmoptions/rider.vmoptions
# default
MAKEFILEPATH := /Applications/Xcode.app/Contents/Developer/Makefiles
# environment
VSCODE_CODE_CACHE_PATH = /Users/chping/Library/Application Support/Code/CachedData/b06ae3b2d2dbfe28bca3134cc6be65935cdfea6a
# environment
LOGNAME = chping
# environment
APPLICATION_INSIGHTS_NO_DIAGNOSTIC_CHANNEL = 1
# environment
VSCODE_HANDLES_UNCAUGHT_ERRORS = true
# automatic
^D = $(patsubst %/,%,$(dir $^))
# environment
XPC_FLAGS = 0x0
# default
MAKE = $(MAKE_COMMAND)
# default
MAKECMDGOALS := all
# environment
SHLVL = 1
# environment
JAVA_HOME = /Library/Java/JavaVirtualMachines/temurin-8.jdk/Contents/Home/
# default
MAKE_VERSION := 3.81
# environment
USER = chping
# makefile
.DEFAULT_GOAL := run
# environment
HOMEBREW_BOTTLE_DOMAIN = https://mirrors.bfsu.edu.cn/homebrew-bottles
# environment
CLASS_PATH = /Library/Java/JavaVirtualMachines/temurin-8.jdk/Contents/Home//lib
# automatic
%D = $(patsubst %/,%,$(dir $%))
# default
MAKE_COMMAND := /Applications/Xcode.app/Contents/Developer/usr/bin/make
# default
.VARIABLES := 
# environment
TMPDIR = /var/folders/87/z34khy2n0xqbm9yp3k47qqg80000gn/T/
# automatic
*F = $(notdir $*)
# environment
VSCODE_IPC_HOOK = /Users/chping/Library/Application Support/Code/1.69.1-main.sock
# environment
MallocNanoZone = 0
# makefile
MAKEFLAGS = Rrqp
# environment
MFLAGS = -Rrqp
# automatic
*D = $(patsubst %/,%,$(dir $*))
# environment
XPC_SERVICE_NAME = application.com.microsoft.VSCode.20010187.20010193
# automatic
+D = $(patsubst %/,%,$(dir $+))
# environment
DATAGRIP_VM_OPTIONS = /Users/chping/local/ja-netfilter-all/vmoptions/datagrip.vmoptions
 
# automatic
+F = $(notdir $+)
# environment
RUBYMINE_VM_OPTIONS = /Users/chping/local/ja-netfilter-all/vmoptions/rubymine.vmoptions
# environment
__CF_USER_TEXT_ENCODING = 0x1F5:0x19:0x34
# environment
CARGO_REGISTRY_TOKEN = cioyBJUFQ7pILgwR6cppUfCUZsuCrgcQSBV
# environment
PYCHARM_VM_OPTIONS = /Users/chping/local/ja-netfilter-all/vmoptions/pycharm.vmoptions
# environment
COMMAND_MODE = unix2003
# default
MAKEFILES := 
# automatic
<F = $(notdir $<)
# environment
LC_ALL = C
# automatic
^F = $(notdir $^)
# default
SUFFIXES := 
# default
.INCLUDE_DIRS = /usr/local/include
# environment
MAKELEVEL := 0
# environment
CLION_VM_OPTIONS = /Users/chping/local/ja-netfilter-all/vmoptions/clion.vmoptions
# environment
LANG = C
# environment
VSCODE_PID = 1035
# variable set hash-table stats:
# Load=83/1024=8%, Rehash=0, Collisions=1/107=1%

# Pattern-specific Variable Values

# No pattern-specific variable values.

# Directories

# . (device 16777220, inode 20531905): 20 files, no impossibilities.

# 20 files, no impossibilities in 1 directories.

# Implicit Rules

# No implicit rules.

# Files

# Not a target:
all:
#  Command-line target.
#  Implicit rule search has been done.
#  File does not exist.
#  File has not been updated.
# variable set hash-table stats:
# Load=0/32=0%, Rehash=0, Collisions=0/0=0%

# Not a target:
.SUFFIXES:
#  Implicit rule search has not been done.
#  Modification time never checked.
#  File has not been updated.

# Not a target:
Makefile:
#  Implicit rule search has been done.
#  Last modified 2022-07-19 14:27:21
#  File has been updated.
#  Successfully updated.
# variable set hash-table stats:
# Load=0/32=0%, Rehash=0, Collisions=0/0=0%

build:
#  Implicit rule search has not been done.
#  Modification time never checked.
#  File has not been updated.
#  commands to execute (from `Makefile', line 4):
	cargo build -p major
	

# Not a target:
.DEFAULT:
#  Implicit rule search has not been done.
#  Modification time never checked.
#  File has not been updated.

run:
#  Implicit rule search has not been done.
#  Modification time never checked.
#  File has not been updated.
#  commands to execute (from `Makefile', line 2):
	cargo run -p major
	

# files hash-table stats:
# Load=6/1024=1%, Rehash=0, Collisions=0/18=0%
# VPATH Search Paths

# No `vpath' search paths.

# No general (`VPATH' variable) search path.

# # of strings in strcache: 1
# # of strcache buffers: 1
# strcache size: total = 4096 / max = 4096 / min = 4096 / avg = 4096
# strcache free: total = 4087 / max = 4087 / min = 4087 / avg = 4087

# Finished Make data base on Tue Jul 19 14:31:19 2022

 
